<?xml version="1.0" encoding="UTF-8"?>
<!-- Generated by org.testng.reporters.JUnitReportReporter -->
<testsuite hostname="LAPTOP-F72IB63T" failures="0" tests="1" name="actualtestpage.CreateNewContactPage" time="25.377" errors="0" timestamp="2024-05-01T16:21:39 IST" skipped="0">
  <testcase classname="actualtestpage.CreateNewContactPage" name="createCont" time="25.377"/>
  <system-out/>
</testsuite> <!-- actualtestpage.CreateNewContactPage -->
