<?xml version="1.0" encoding="UTF-8"?>
<!-- Generated by org.testng.reporters.JUnitReportReporter -->
<testsuite hostname="LAPTOP-F72IB63T" failures="0" tests="1" name="actualtestpage.CretaeNewOrganizationPage" time="41.352" errors="0" timestamp="2024-05-02T14:51:05 IST" skipped="0">
  <testcase classname="actualtestpage.CretaeNewOrganizationPage" name="createorg" time="41.352"/>
  <system-out/>
</testsuite> <!-- actualtestpage.CretaeNewOrganizationPage -->
