<?xml version="1.0" encoding="UTF-8"?>
<!-- Generated by org.testng.reporters.JUnitReportReporter -->
<testsuite hostname="LAPTOP-F72IB63T" failures="0" tests="1" name="actualtestpage.CretaeNewOrganization" time="32.691" errors="0" timestamp="2024-05-01T16:20:38 IST" skipped="0">
  <testcase classname="actualtestpage.CretaeNewOrganization" name="createorg" time="32.691"/>
  <system-out/>
</testsuite> <!-- actualtestpage.CretaeNewOrganization -->
